<?xml version="1.0" encoding="UTF-8"?>
<robot generator="Robot 4.0.1 (Python 3.7.9 on win32)" generated="20210506 00:48:07.478" rpa="false" schemaversion="2">
<suite id="s1" name="TestePrimeControlBDD" source="C:\Users\luis.gimenez\Documents\TestePrimeControl\tests\TestePrimeControlBDD.robot">
<test id="s1-t1" name="Caso de Teste 01: Pesquisar produto valido">
<kw name="Acessar pagina principal" library="Resource">
<kw name="Open Browser" library="SeleniumLibrary">
<arg>url=${URL}</arg>
<arg>browser=${BROWSER}</arg>
<doc>Opens a new browser instance to the optional ``url``.</doc>
<msg timestamp="20210506 00:48:07.670" level="INFO">Opening browser 'chrome' to base url 'http://automationpractice.com'.</msg>
<status status="PASS" starttime="20210506 00:48:07.670" endtime="20210506 00:48:13.959"/>
</kw>
<kw name="Title Should Be" library="SeleniumLibrary">
<arg>My Store</arg>
<doc>Verifies that the current page title equals ``title``.</doc>
<msg timestamp="20210506 00:48:13.963" level="INFO">Page title is 'My Store'.</msg>
<status status="PASS" starttime="20210506 00:48:13.959" endtime="20210506 00:48:13.963"/>
</kw>
<status status="PASS" starttime="20210506 00:48:07.670" endtime="20210506 00:48:13.963"/>
</kw>
<kw name="Pesquisar produto &quot;Printed Chiffon Dress&quot;" library="Resource" sourcename="Pesquisar produto &quot;${PRODUTO_PESQUISA}&quot;">
<kw name="Input Text" library="SeleniumLibrary">
<arg>${INPUT_PESQUISAR}</arg>
<arg>${PRODUTO_PESQUISA}</arg>
<doc>Types the given ``text`` into the text field identified by ``locator``.</doc>
<msg timestamp="20210506 00:48:13.966" level="INFO">Typing text 'Printed Chiffon Dress' into text field 'name=search_query'.</msg>
<status status="PASS" starttime="20210506 00:48:13.965" endtime="20210506 00:48:14.054"/>
</kw>
<kw name="Click Button" library="SeleniumLibrary">
<arg>${BTN_PESQUISAR}</arg>
<doc>Clicks the button identified by ``locator``.</doc>
<msg timestamp="20210506 00:48:14.055" level="INFO">Clicking button 'name=submit_search'.</msg>
<status status="PASS" starttime="20210506 00:48:14.054" endtime="20210506 00:48:14.114"/>
</kw>
<status status="PASS" starttime="20210506 00:48:13.964" endtime="20210506 00:48:14.115"/>
</kw>
<kw name="Conferir se o resultado da pesquisa corresponde a produto pesquisado" library="Resource">
<kw name="Wait Until Element Is Visible" library="SeleniumLibrary">
<arg>${PESQUISA_Elemento}</arg>
<doc>Waits until the element ``locator`` is visible.</doc>
<status status="PASS" starttime="20210506 00:48:14.115" endtime="20210506 00:48:15.811"/>
</kw>
<kw name="Title Should Be" library="SeleniumLibrary">
<arg>${PESQUISA_Title}</arg>
<doc>Verifies that the current page title equals ``title``.</doc>
<msg timestamp="20210506 00:48:15.818" level="INFO">Page title is 'Search - My Store'.</msg>
<status status="PASS" starttime="20210506 00:48:15.811" endtime="20210506 00:48:15.818"/>
</kw>
<kw name="Page Should Contain Link" library="SeleniumLibrary">
<arg>${PESQUISA_ProdutoText}</arg>
<doc>Verifies link identified by ``locator`` is found from current page.</doc>
<msg timestamp="20210506 00:48:15.836" level="INFO">Current page contains link 'xpath=//*[@id="center_column"]//a[@class="product-name"][contains(text(),"Printed Chiffon Dress")]'.</msg>
<status status="PASS" starttime="20210506 00:48:15.818" endtime="20210506 00:48:15.836"/>
</kw>
<kw name="Page Should Contain Image" library="SeleniumLibrary">
<arg>${PESQUISA_Imagem}</arg>
<doc>Verifies image identified by ``locator`` is found from current page.</doc>
<msg timestamp="20210506 00:48:15.852" level="INFO">Current page contains image 'xpath=//*[@id="center_column"]//*[@src='http://automationpractice.com/img/p/2/0/20-home_default.jpg']'.</msg>
<status status="PASS" starttime="20210506 00:48:15.837" endtime="20210506 00:48:15.852"/>
</kw>
<kw name="Capture Page Screenshot" library="SeleniumLibrary">
<doc>Takes a screenshot of the current page and embeds it into a log file.</doc>
<msg timestamp="20210506 00:48:15.963" level="INFO" html="true">&lt;/td&gt;&lt;/tr&gt;&lt;tr&gt;&lt;td colspan="3"&gt;&lt;a href="selenium-screenshot-1.png"&gt;&lt;img src="selenium-screenshot-1.png" width="800px"&gt;&lt;/a&gt;</msg>
<status status="PASS" starttime="20210506 00:48:15.852" endtime="20210506 00:48:15.964"/>
</kw>
<status status="PASS" starttime="20210506 00:48:14.115" endtime="20210506 00:48:15.964"/>
</kw>
<status status="PASS" starttime="20210506 00:48:07.669" endtime="20210506 00:48:15.964"/>
</test>
<test id="s1-t2" name="Caso de Teste 02: Pesquisar produto Invalido">
<kw name="Acessar pagina principal" library="Resource">
<kw name="Open Browser" library="SeleniumLibrary">
<arg>url=${URL}</arg>
<arg>browser=${BROWSER}</arg>
<doc>Opens a new browser instance to the optional ``url``.</doc>
<msg timestamp="20210506 00:48:15.966" level="INFO">Opening browser 'chrome' to base url 'http://automationpractice.com'.</msg>
<status status="PASS" starttime="20210506 00:48:15.966" endtime="20210506 00:48:21.688"/>
</kw>
<kw name="Title Should Be" library="SeleniumLibrary">
<arg>My Store</arg>
<doc>Verifies that the current page title equals ``title``.</doc>
<msg timestamp="20210506 00:48:21.693" level="INFO">Page title is 'My Store'.</msg>
<status status="PASS" starttime="20210506 00:48:21.688" endtime="20210506 00:48:21.693"/>
</kw>
<status status="PASS" starttime="20210506 00:48:15.966" endtime="20210506 00:48:21.693"/>
</kw>
<kw name="Pesquisar produto invalido &quot;Invalido&quot;" library="Resource" sourcename="Pesquisar produto invalido &quot;${PRODUTO_INVALIDO}&quot;">
<kw name="Input Text" library="SeleniumLibrary">
<arg>${INPUT_PESQUISAR}</arg>
<arg>${PRODUTO_INVALIDO}</arg>
<doc>Types the given ``text`` into the text field identified by ``locator``.</doc>
<msg timestamp="20210506 00:48:21.697" level="INFO">Typing text 'Invalido' into text field 'name=search_query'.</msg>
<status status="PASS" starttime="20210506 00:48:21.695" endtime="20210506 00:48:21.777"/>
</kw>
<kw name="Click Button" library="SeleniumLibrary">
<arg>${BTN_PESQUISAR}</arg>
<doc>Clicks the button identified by ``locator``.</doc>
<msg timestamp="20210506 00:48:21.778" level="INFO">Clicking button 'name=submit_search'.</msg>
<status status="PASS" starttime="20210506 00:48:21.777" endtime="20210506 00:48:21.833"/>
</kw>
<status status="PASS" starttime="20210506 00:48:21.694" endtime="20210506 00:48:21.834"/>
</kw>
<kw name="Conferir mensagem de erro &quot;No results were found for your search &quot;Invalido&quot;&quot;" library="Resource" sourcename="Conferir mensagem de erro &quot;${PESQUISA_MSG_ERRO}&quot;">
<kw name="Wait Until Element Is Visible" library="SeleniumLibrary">
<arg>${PESQUISA_CAMPO_MENSAGEM}</arg>
<doc>Waits until the element ``locator`` is visible.</doc>
<status status="PASS" starttime="20210506 00:48:21.835" endtime="20210506 00:48:23.902"/>
</kw>
<kw name="Element Text Should Be" library="SeleniumLibrary">
<arg>${PESQUISA_CAMPO_MENSAGEM}</arg>
<arg>${PESQUISA_MSG_ERRO}</arg>
<doc>Verifies that element ``locator`` contains exact the text ``expected``.</doc>
<msg timestamp="20210506 00:48:23.902" level="INFO">Verifying element 'xpath=//*[@id="center_column"]/p' contains exact text 'No results were found for your search "Invalido"'.</msg>
<status status="PASS" starttime="20210506 00:48:23.902" endtime="20210506 00:48:23.917"/>
</kw>
<status status="PASS" starttime="20210506 00:48:21.834" endtime="20210506 00:48:23.917"/>
</kw>
<kw name="Fechar Navegador" library="Resource">
<kw name="Capture Page Screenshot" library="SeleniumLibrary">
<doc>Takes a screenshot of the current page and embeds it into a log file.</doc>
<msg timestamp="20210506 00:48:24.539" level="INFO" html="true">&lt;/td&gt;&lt;/tr&gt;&lt;tr&gt;&lt;td colspan="3"&gt;&lt;a href="selenium-screenshot-2.png"&gt;&lt;img src="selenium-screenshot-2.png" width="800px"&gt;&lt;/a&gt;</msg>
<status status="PASS" starttime="20210506 00:48:23.917" endtime="20210506 00:48:24.540"/>
</kw>
<kw name="Close Browser" library="SeleniumLibrary">
<doc>Closes the current browser.</doc>
<status status="PASS" starttime="20210506 00:48:24.541" endtime="20210506 00:48:27.052"/>
</kw>
<status status="PASS" starttime="20210506 00:48:23.917" endtime="20210506 00:48:27.052"/>
</kw>
<status status="PASS" starttime="20210506 00:48:15.965" endtime="20210506 00:48:27.053"/>
</test>
<status status="PASS" starttime="20210506 00:48:07.479" endtime="20210506 00:48:27.054"/>
</suite>
<statistics>
<total>
<stat pass="2" fail="0" skip="0">All Tests</stat>
</total>
<tag>
</tag>
<suite>
<stat pass="2" fail="0" skip="0" id="s1" name="TestePrimeControlBDD">TestePrimeControlBDD</stat>
</suite>
</statistics>
<errors>
</errors>
</robot>
